<?xml version="1.0" encoding="UTF-8"?>
<!-- Generated by org.testng.reporters.JUnitReportReporter -->
<testsuite hostname="DESKTOP-3IAGI7O" failures="0" tests="5" name="testcases.LoginPageTest" time="5.075" errors="0" timestamp="2022-01-17T18:21:01 CET" skipped="0">
  <testcase classname="testcases.LoginPageTest" name="signIn" time="0.658"/>
  <system-out/>
  <testcase classname="testcases.LoginPageTest" name="createPost" time="2.458"/>
  <system-out/>
  <testcase classname="testcases.LoginPageTest" name="addComment" time="1.461"/>
  <system-out/>
  <testcase classname="testcases.LoginPageTest" name="deletePost" time="0.130"/>
  <system-out/>
  <testcase classname="testcases.LoginPageTest" name="logOut" time="0.368"/>
  <system-out/>
</testsuite> <!-- testcases.LoginPageTest -->
